2026/07/15 11:13:26 handler.go:66: "level"=0 "msg"="Listening on" "address"=":8081"
2026/07/15 11:13:45 handler.go:81: "level"=0 "msg"="Received request to set key: " "user123"=" with value: " "<non-string-key: {\"data\"={\"age\"=2>"="<no-value>"
2026/07/15 11:13:45 handler.go:89: "level"=0 "msg"="Adding task to worker pool for key: " "user123"="<no-value>"
2026/07/15 11:13:45 handler.go:94: "level"=0 "msg"="Key " "user123"=" set successfully"
2026/07/15 11:22:49 handler.go:66: "level"=0 "msg"="Listening on" "address"=":8082"
2026/07/15 11:23:17 handler.go:66: "level"=0 "msg"="Listening on" "address"=":8083"
2026/07/15 11:23:32 handler.go:81: "level"=0 "msg"="Received request to set key: " "user123"=" with value: " "<non-string-key: {\"data\"={\"age\"=2>"="<no-value>"
2026/07/15 11:23:32 handler.go:89: "level"=0 "msg"="Adding task to worker pool for key: " "user123"="<no-value>"
2026/07/15 11:23:32 handler.go:94: "level"=0 "msg"="Key " "user123"=" set successfully"
2026/07/15 11:24:48 handler.go:81: "level"=0 "msg"="Received request to set key: " "user23"=" with value: " "<non-string-key: {\"data\"={\"meta\"=>"="<no-value>"
2026/07/15 11:24:48 handler.go:89: "level"=0 "msg"="Adding task to worker pool for key: " "user23"="<no-value>"
2026/07/15 11:24:48 handler.go:94: "level"=0 "msg"="Key " "user23"=" set successfully"
2026/07/15 14:44:00 handler.go:66: "level"=0 "msg"="Listening on" "address"=":8081"
2026/07/15 14:44:00 handler.go:66: "level"=0 "msg"="Listening on" "address"=":8082"
2026/07/15 14:44:20 handler.go:66: "level"=0 "msg"="Listening on" "address"=":8083"
2026/07/15 14:48:56 handler.go:81: "level"=0 "msg"="Received request to set key: " "user123"=" with value: " "<non-string-key: {\"value\"={\"age\"=>"="<no-value>"
2026/07/15 14:48:56 handler.go:89: "level"=0 "msg"="Adding task to worker pool for key: " "user123"="<no-value>"
2026/07/15 14:48:56 handler.go:94: "level"=0 "msg"="Key " "user123"=" set successfully"
2026/07/15 14:56:56 handler.go:81: "level"=0 "msg"="Received request to set key: " "user1"=" with value: " "<non-string-key: {\"age\"=21 \"name\">"="<no-value>"
2026/07/15 14:56:56 handler.go:89: "level"=0 "msg"="Adding task to worker pool for key: " "user1"="<no-value>"
2026/07/15 14:56:56 handler.go:94: "level"=0 "msg"="Key " "user1"=" set successfully"
2026/07/15 14:56:56 handler.go:81: "level"=0 "msg"="Received request to set key: " "user2"=" with value: " "<non-string-key: {\"age\"=21 \"name\">"="<no-value>"
2026/07/15 14:56:56 handler.go:89: "level"=0 "msg"="Adding task to worker pool for key: " "user2"="<no-value>"
2026/07/15 14:56:56 handler.go:94: "level"=0 "msg"="Key " "user2"=" set successfully"
2026/07/15 14:56:56 handler.go:81: "level"=0 "msg"="Received request to set key: " "user3"=" with value: " "<non-string-key: {\"age\"=21 \"name\">"="<no-value>"
2026/07/15 14:56:56 handler.go:89: "level"=0 "msg"="Adding task to worker pool for key: " "user3"="<no-value>"
2026/07/15 14:56:56 handler.go:94: "level"=0 "msg"="Key " "user3"=" set successfully"
2026/07/15 14:56:56 handler.go:81: "level"=0 "msg"="Received request to set key: " "user4"=" with value: " "<non-string-key: {\"age\"=21 \"name\">"="<no-value>"
2026/07/15 14:56:56 handler.go:89: "level"=0 "msg"="Adding task to worker pool for key: " "user4"="<no-value>"
2026/07/15 14:56:56 handler.go:94: "level"=0 "msg"="Key " "user4"=" set successfully"
2026/07/15 14:56:58 handler.go:81: "level"=0 "msg"="Received request to set key: " "user5"=" with value: " "<non-string-key: {\"age\"=21 \"name\">"="<no-value>"
2026/07/15 14:56:58 handler.go:89: "level"=0 "msg"="Adding task to worker pool for key: " "user5"="<no-value>"
2026/07/15 14:56:58 handler.go:94: "level"=0 "msg"="Key " "user5"=" set successfully"
2026/07/15 15:06:00 handler.go:81: "level"=0 "msg"="Received request to set key: " "user3"=" with value: " "<non-string-key: {\"Name\"=\"Sanket3>"="<no-value>"
2026/07/15 15:06:00 handler.go:89: "level"=0 "msg"="Adding task to worker pool for key: " "user3"="<no-value>"
2026/07/15 15:06:00 handler.go:94: "level"=0 "msg"="Key " "user3"=" set successfully"
2026/07/15 15:06:00 handler.go:81: "level"=0 "msg"="Received request to set key: " "user5"=" with value: " "<non-string-key: {\"Name\"=\"Sanket5>"="<no-value>"
2026/07/15 15:06:00 handler.go:89: "level"=0 "msg"="Adding task to worker pool for key: " "user5"="<no-value>"
2026/07/15 15:06:00 handler.go:81: "level"=0 "msg"="Received request to set key: " "user0"=" with value: " "<non-string-key: {\"Name\"=\"Sanket0>"="<no-value>"
2026/07/15 15:06:00 handler.go:89: "level"=0 "msg"="Adding task to worker pool for key: " "user0"="<no-value>"
2026/07/15 15:06:00 handler.go:94: "level"=0 "msg"="Key " "user0"=" set successfully"
2026/07/15 15:06:00 handler.go:81: "level"=0 "msg"="Received request to set key: " "user2"=" with value: " "<non-string-key: {\"Name\"=\"Sanket2>"="<no-value>"
2026/07/15 15:06:00 handler.go:89: "level"=0 "msg"="Adding task to worker pool for key: " "user2"="<no-value>"
2026/07/15 15:06:00 handler.go:81: "level"=0 "msg"="Received request to set key: " "user4"=" with value: " "<non-string-key: {\"Name\"=\"Sanket4>"="<no-value>"
2026/07/15 15:06:00 handler.go:89: "level"=0 "msg"="Adding task to worker pool for key: " "user4"="<no-value>"
2026/07/15 15:06:00 handler.go:94: "level"=0 "msg"="Key " "user4"=" set successfully"
2026/07/15 15:06:00 handler.go:94: "level"=0 "msg"="Key " "user5"=" set successfully"
2026/07/15 15:06:00 handler.go:94: "level"=0 "msg"="Key " "user2"=" set successfully"
2026/07/15 15:06:00 handler.go:81: "level"=0 "msg"="Received request to set key: " "user1"=" with value: " "<non-string-key: {\"Name\"=\"Sanket1>"="<no-value>"
2026/07/15 15:06:00 handler.go:89: "level"=0 "msg"="Adding task to worker pool for key: " "user1"="<no-value>"
2026/07/15 15:06:00 handler.go:94: "level"=0 "msg"="Key " "user1"=" set successfully"
2026/07/15 15:06:00 handler.go:81: "level"=0 "msg"="Received request to set key: " "user7"=" with value: " "<non-string-key: {\"Name\"=\"Sanket7>"="<no-value>"
2026/07/15 15:06:00 handler.go:89: "level"=0 "msg"="Adding task to worker pool for key: " "user7"="<no-value>"
2026/07/15 15:06:00 handler.go:94: "level"=0 "msg"="Key " "user7"=" set successfully"
2026/07/15 15:06:00 handler.go:81: "level"=0 "msg"="Received request to set key: " "user6"=" with value: " "<non-string-key: {\"Name\"=\"Sanket6>"="<no-value>"
2026/07/15 15:06:00 handler.go:89: "level"=0 "msg"="Adding task to worker pool for key: " "user6"="<no-value>"
2026/07/15 15:06:00 handler.go:94: "level"=0 "msg"="Key " "user6"=" set successfully"
2026/07/15 15:09:46 handler.go:81: "level"=0 "msg"="Received request to set key: " "user14"=" with value: " "<non-string-key: {\"Name\"=\"Sanket1>"="<no-value>"
2026/07/15 15:09:46 handler.go:89: "level"=0 "msg"="Adding task to worker pool for key: " "user14"="<no-value>"
2026/07/15 15:09:46 handler.go:94: "level"=0 "msg"="Key " "user14"=" set successfully"
2026/07/15 15:09:46 handler.go:81: "level"=0 "msg"="Received request to set key: " "user21"=" with value: " "<non-string-key: {\"Age\"=21 \"Name\">"="<no-value>"
2026/07/15 15:09:46 handler.go:89: "level"=0 "msg"="Adding task to worker pool for key: " "user21"="<no-value>"
2026/07/15 15:09:46 handler.go:81: "level"=0 "msg"="Received request to set key: " "user10"=" with value: " "<non-string-key: {\"Name\"=\"Sanket1>"="<no-value>"
2026/07/15 15:09:46 handler.go:89: "level"=0 "msg"="Adding task to worker pool for key: " "user10"="<no-value>"
2026/07/15 15:09:46 handler.go:94: "level"=0 "msg"="Key " "user10"=" set successfully"
2026/07/15 15:09:46 handler.go:81: "level"=0 "msg"="Received request to set key: " "user13"=" with value: " "<non-string-key: {\"Name\"=\"Sanket1>"="<no-value>"
2026/07/15 15:09:46 handler.go:89: "level"=0 "msg"="Adding task to worker pool for key: " "user13"="<no-value>"
2026/07/15 15:09:46 handler.go:94: "level"=0 "msg"="Key " "user13"=" set successfully"
2026/07/15 15:09:46 handler.go:94: "level"=0 "msg"="Key " "user21"=" set successfully"
2026/07/15 15:09:46 handler.go:81: "level"=0 "msg"="Received request to set key: " "user16"=" with value: " "<non-string-key: {\"Name\"=\"Sanket1>"="<no-value>"
2026/07/15 15:09:46 handler.go:89: "level"=0 "msg"="Adding task to worker pool for key: " "user16"="<no-value>"
2026/07/15 15:09:46 handler.go:94: "level"=0 "msg"="Key " "user16"=" set successfully"
2026/07/15 15:09:46 handler.go:81: "level"=0 "msg"="Received request to set key: " "user19"=" with value: " "<non-string-key: {\"Name\"=\"Sanket1>"="<no-value>"
2026/07/15 15:09:46 handler.go:89: "level"=0 "msg"="Adding task to worker pool for key: " "user19"="<no-value>"
2026/07/15 15:09:46 handler.go:94: "level"=0 "msg"="Key " "user19"=" set successfully"
2026/07/15 15:09:46 handler.go:81: "level"=0 "msg"="Received request to set key: " "user18"=" with value: " "<non-string-key: {\"Name\"=\"Sanket1>"="<no-value>"
2026/07/15 15:09:46 handler.go:89: "level"=0 "msg"="Adding task to worker pool for key: " "user18"="<no-value>"
2026/07/15 15:09:46 handler.go:94: "level"=0 "msg"="Key " "user18"=" set successfully"
2026/07/15 15:09:46 handler.go:81: "level"=0 "msg"="Received request to set key: " "user12"=" with value: " "<non-string-key: {\"Name\"=\"Sanket1>"="<no-value>"
2026/07/15 15:09:46 handler.go:89: "level"=0 "msg"="Adding task to worker pool for key: " "user12"="<no-value>"
2026/07/15 15:09:46 handler.go:81: "level"=0 "msg"="Received request to set key: " "user20"=" with value: " "<non-string-key: {\"Name\"=\"Sanket2>"="<no-value>"
2026/07/15 15:09:46 handler.go:89: "level"=0 "msg"="Adding task to worker pool for key: " "user20"="<no-value>"
2026/07/15 15:09:46 handler.go:94: "level"=0 "msg"="Key " "user12"=" set successfully"
2026/07/15 15:09:46 handler.go:94: "level"=0 "msg"="Key " "user20"=" set successfully"
2026/07/15 15:09:46 handler.go:81: "level"=0 "msg"="Received request to set key: " "user15"=" with value: " "<non-string-key: {\"Name\"=\"Sanket1>"="<no-value>"
2026/07/15 15:09:46 handler.go:89: "level"=0 "msg"="Adding task to worker pool for key: " "user15"="<no-value>"
2026/07/15 15:09:46 handler.go:94: "level"=0 "msg"="Key " "user15"=" set successfully"
2026/07/15 15:09:46 handler.go:81: "level"=0 "msg"="Received request to set key: " "user17"=" with value: " "<non-string-key: {\"Name\"=\"Sanket1>"="<no-value>"
2026/07/15 15:09:46 handler.go:89: "level"=0 "msg"="Adding task to worker pool for key: " "user17"="<no-value>"
2026/07/15 15:09:46 handler.go:94: "level"=0 "msg"="Key " "user17"=" set successfully"
2026/07/15 15:09:46 handler.go:81: "level"=0 "msg"="Received request to set key: " "user11"=" with value: " "<non-string-key: {\"Name\"=\"Sanket1>"="<no-value>"
2026/07/15 15:09:46 handler.go:89: "level"=0 "msg"="Adding task to worker pool for key: " "user11"="<no-value>"
2026/07/15 15:09:46 handler.go:94: "level"=0 "msg"="Key " "user11"=" set successfully"
2026/07/15 15:19:02 handler.go:81: "level"=0 "msg"="Received request to set key: " "user12"=" with value: " "<non-string-key: {\"Age\"=12 \"Name\">"="<no-value>"
2026/07/15 15:19:02 handler.go:81: "level"=0 "msg"="Received request to set key: " "user21"=" with value: " "<non-string-key: {\"Name\"=\"Sanket2>"="<no-value>"
2026/07/15 15:19:02 handler.go:89: "level"=0 "msg"="Adding task to worker pool for key: " "user12"="<no-value>"
2026/07/15 15:19:02 handler.go:81: "level"=0 "msg"="Received request to set key: " "user20"=" with value: " "<non-string-key: {\"Name\"=\"Sanket2>"="<no-value>"
2026/07/15 15:19:02 handler.go:81: "level"=0 "msg"="Received request to set key: " "user11"=" with value: " "<non-string-key: {\"Name\"=\"Sanket1>"="<no-value>"
2026/07/15 15:19:02 handler.go:89: "level"=0 "msg"="Adding task to worker pool for key: " "user11"="<no-value>"
2026/07/15 15:19:02 handler.go:81: "level"=0 "msg"="Received request to set key: " "user16"=" with value: " "<non-string-key: {\"Name\"=\"Sanket1>"="<no-value>"
2026/07/15 15:19:02 handler.go:89: "level"=0 "msg"="Adding task to worker pool for key: " "user16"="<no-value>"
2026/07/15 15:19:02 handler.go:89: "level"=0 "msg"="Adding task to worker pool for key: " "user21"="<no-value>"
2026/07/15 15:19:02 handler.go:81: "level"=0 "msg"="Received request to set key: " "user18"=" with value: " "<non-string-key: {\"Name\"=\"Sanket1>"="<no-value>"
2026/07/15 15:19:02 handler.go:89: "level"=0 "msg"="Adding task to worker pool for key: " "user18"="<no-value>"
2026/07/15 15:19:02 handler.go:81: "level"=0 "msg"="Received request to set key: " "user19"=" with value: " "<non-string-key: {\"Age\"=19 \"Name\">"="<no-value>"
2026/07/15 15:19:02 handler.go:89: "level"=0 "msg"="Adding task to worker pool for key: " "user19"="<no-value>"
2026/07/15 15:19:02 handler.go:81: "level"=0 "msg"="Received request to set key: " "user15"=" with value: " "<non-string-key: {\"Name\"=\"Sanket1>"="<no-value>"
2026/07/15 15:19:02 handler.go:89: "level"=0 "msg"="Adding task to worker pool for key: " "user20"="<no-value>"
2026/07/15 15:19:02 handler.go:81: "level"=0 "msg"="Received request to set key: " "user17"=" with value: " "<non-string-key: {\"Name\"=\"Sanket1>"="<no-value>"
2026/07/15 15:19:02 handler.go:89: "level"=0 "msg"="Adding task to worker pool for key: " "user17"="<no-value>"
2026/07/15 15:19:02 handler.go:94: "level"=0 "msg"="Key " "user11"=" set successfully"
2026/07/15 15:19:02 handler.go:94: "level"=0 "msg"="Key " "user17"=" set successfully"
2026/07/15 15:19:02 handler.go:94: "level"=0 "msg"="Key " "user20"=" set successfully"
2026/07/15 15:19:02 handler.go:89: "level"=0 "msg"="Adding task to worker pool for key: " "user15"="<no-value>"
2026/07/15 15:19:02 handler.go:94: "level"=0 "msg"="Key " "user12"=" set successfully"
2026/07/15 15:19:02 handler.go:94: "level"=0 "msg"="Key " "user15"=" set successfully"
2026/07/15 15:19:02 handler.go:94: "level"=0 "msg"="Key " "user19"=" set successfully"
2026/07/15 15:19:02 handler.go:94: "level"=0 "msg"="Key " "user18"=" set successfully"
2026/07/15 15:19:02 handler.go:81: "level"=0 "msg"="Received request to set key: " "user13"=" with value: " "<non-string-key: {\"Name\"=\"Sanket1>"="<no-value>"
2026/07/15 15:19:02 handler.go:89: "level"=0 "msg"="Adding task to worker pool for key: " "user13"="<no-value>"
2026/07/15 15:19:02 handler.go:94: "level"=0 "msg"="Key " "user13"=" set successfully"
2026/07/15 15:19:02 handler.go:81: "level"=0 "msg"="Received request to set key: " "user14"=" with value: " "<non-string-key: {\"Name\"=\"Sanket1>"="<no-value>"
2026/07/15 15:19:02 handler.go:89: "level"=0 "msg"="Adding task to worker pool for key: " "user14"="<no-value>"
2026/07/15 15:19:02 handler.go:94: "level"=0 "msg"="Key " "user14"=" set successfully"
2026/07/15 15:19:02 handler.go:81: "level"=0 "msg"="Received request to set key: " "user10"=" with value: " "<non-string-key: {\"Name\"=\"Sanket1>"="<no-value>"
2026/07/15 15:19:02 handler.go:89: "level"=0 "msg"="Adding task to worker pool for key: " "user10"="<no-value>"
2026/07/15 15:19:02 handler.go:94: "level"=0 "msg"="Key " "user10"=" set successfully"
2026/07/15 15:19:02 handler.go:94: "level"=0 "msg"="Key " "user21"=" set successfully"
2026/07/15 15:19:02 handler.go:94: "level"=0 "msg"="Key " "user16"=" set successfully"
2026/07/15 15:20:29 handler.go:81: "level"=0 "msg"="Received request to set key: " "user27"=" with value: " "<non-string-key: {\"Name\"=\"Sanket2>"="<no-value>"
2026/07/15 15:20:29 handler.go:89: "level"=0 "msg"="Adding task to worker pool for key: " "user27"="<no-value>"
2026/07/15 15:20:29 handler.go:81: "level"=0 "msg"="Received request to set key: " "user23"=" with value: " "<non-string-key: {\"Age\"=23 \"Name\">"="<no-value>"
2026/07/15 15:20:29 handler.go:89: "level"=0 "msg"="Adding task to worker pool for key: " "user23"="<no-value>"
2026/07/15 15:20:29 handler.go:94: "level"=0 "msg"="Key " "user23"=" set successfully"
2026/07/15 15:20:29 handler.go:81: "level"=0 "msg"="Received request to set key: " "user28"=" with value: " "<non-string-key: {\"Name\"=\"Sanket2>"="<no-value>"
2026/07/15 15:20:29 handler.go:89: "level"=0 "msg"="Adding task to worker pool for key: " "user28"="<no-value>"
2026/07/15 15:20:29 handler.go:81: "level"=0 "msg"="Received request to set key: " "user31"=" with value: " "<non-string-key: {\"Name\"=\"Sanket3>"="<no-value>"
2026/07/15 15:20:29 handler.go:89: "level"=0 "msg"="Adding task to worker pool for key: " "user31"="<no-value>"
2026/07/15 15:20:29 handler.go:81: "level"=0 "msg"="Received request to set key: " "user22"=" with value: " "<non-string-key: {\"Name\"=\"Sanket2>"="<no-value>"
2026/07/15 15:20:29 handler.go:89: "level"=0 "msg"="Adding task to worker pool for key: " "user22"="<no-value>"
2026/07/15 15:20:29 handler.go:81: "level"=0 "msg"="Received request to set key: " "user24"=" with value: " "<non-string-key: {\"Name\"=\"Sanket2>"="<no-value>"
2026/07/15 15:20:29 handler.go:81: "level"=0 "msg"="Received request to set key: " "user29"=" with value: " "<non-string-key: {\"Name\"=\"Sanket2>"="<no-value>"
2026/07/15 15:20:29 handler.go:89: "level"=0 "msg"="Adding task to worker pool for key: " "user24"="<no-value>"
2026/07/15 15:20:29 handler.go:89: "level"=0 "msg"="Adding task to worker pool for key: " "user29"="<no-value>"
2026/07/15 15:20:29 handler.go:94: "level"=0 "msg"="Key " "user27"=" set successfully"
2026/07/15 15:20:29 handler.go:81: "level"=0 "msg"="Received request to set key: " "user26"=" with value: " "<non-string-key: {\"Age\"=26 \"Name\">"="<no-value>"
2026/07/15 15:20:29 handler.go:94: "level"=0 "msg"="Key " "user29"=" set successfully"
2026/07/15 15:20:29 handler.go:89: "level"=0 "msg"="Adding task to worker pool for key: " "user26"="<no-value>"
2026/07/15 15:20:29 handler.go:81: "level"=0 "msg"="Received request to set key: " "user25"=" with value: " "<non-string-key: {\"Name\"=\"Sanket2>"="<no-value>"
2026/07/15 15:20:29 handler.go:89: "level"=0 "msg"="Adding task to worker pool for key: " "user25"="<no-value>"
2026/07/15 15:20:29 handler.go:94: "level"=0 "msg"="Key " "user28"=" set successfully"
2026/07/15 15:20:29 handler.go:81: "level"=0 "msg"="Received request to set key: " "user30"=" with value: " "<non-string-key: {\"Name\"=\"Sanket3>"="<no-value>"
2026/07/15 15:20:29 handler.go:89: "level"=0 "msg"="Adding task to worker pool for key: " "user30"="<no-value>"
2026/07/15 15:20:29 handler.go:94: "level"=0 "msg"="Key " "user22"=" set successfully"
2026/07/15 15:20:29 handler.go:81: "level"=0 "msg"="Received request to set key: " "user21"=" with value: " "<non-string-key: {\"Name\"=\"Sanket2>"="<no-value>"
2026/07/15 15:20:29 handler.go:89: "level"=0 "msg"="Adding task to worker pool for key: " "user21"="<no-value>"
2026/07/15 15:20:29 handler.go:94: "level"=0 "msg"="Key " "user21"=" set successfully"
2026/07/15 15:20:29 handler.go:94: "level"=0 "msg"="Key " "user31"=" set successfully"
2026/07/15 15:20:29 handler.go:94: "level"=0 "msg"="Key " "user25"=" set successfully"
2026/07/15 15:20:29 handler.go:94: "level"=0 "msg"="Key " "user30"=" set successfully"
2026/07/15 15:20:29 handler.go:94: "level"=0 "msg"="Key " "user24"=" set successfully"
2026/07/15 15:20:29 handler.go:94: "level"=0 "msg"="Key " "user26"=" set successfully"
2026/07/20 15:32:18 handler.go:66: "level"=0 "msg"="Listening on" "address"=":8081"
2026/07/20 15:32:47 handler.go:66: "level"=0 "msg"="Listening on" "address"=":8082"
2026/07/20 15:32:53 handler.go:66: "level"=0 "msg"="Listening on" "address"=":8083"
2026/07/20 15:36:34 handler.go:81: "level"=0 "msg"="Received request to set key: " "user10"=" with value: " "<non-string-key: {\"Name\"=\"Sanket1>"="<no-value>"
2026/07/20 15:36:34 handler.go:89: "level"=0 "msg"="Adding task to worker pool for key: " "user10"="<no-value>"
2026/07/20 15:36:34 handler.go:94: "level"=0 "msg"="Key " "user10"=" set successfully"
2026/07/20 15:52:46 handler.go:81: "level"=0 "msg"="Received request to set key: " "user29"=" with value: " "<non-string-key: {\"Age\"=29 \"Name\">"="<no-value>"
2026/07/20 15:52:46 handler.go:81: "level"=0 "msg"="Received request to set key: " "user25"=" with value: " "<non-string-key: {\"Age\"=25 \"Name\">"="<no-value>"
2026/07/20 15:52:46 handler.go:89: "level"=0 "msg"="Adding task to worker pool for key: " "user29"="<no-value>"
2026/07/20 15:52:46 handler.go:81: "level"=0 "msg"="Received request to set key: " "user23"=" with value: " "<non-string-key: {\"Name\"=\"Sanket2>"="<no-value>"
2026/07/20 15:52:46 handler.go:89: "level"=0 "msg"="Adding task to worker pool for key: " "user23"="<no-value>"
2026/07/20 15:52:46 handler.go:81: "level"=0 "msg"="Received request to set key: " "user26"=" with value: " "<non-string-key: {\"Name\"=\"Sanket2>"="<no-value>"
2026/07/20 15:52:46 handler.go:81: "level"=0 "msg"="Received request to set key: " "user27"=" with value: " "<non-string-key: {\"Name\"=\"Sanket2>"="<no-value>"
2026/07/20 15:52:46 handler.go:94: "level"=0 "msg"="Key " "user23"=" set successfully"
2026/07/20 15:52:46 handler.go:89: "level"=0 "msg"="Adding task to worker pool for key: " "user26"="<no-value>"
2026/07/20 15:52:46 handler.go:81: "level"=0 "msg"="Received request to set key: " "user24"=" with value: " "<non-string-key: {\"Name\"=\"Sanket2>"="<no-value>"
2026/07/20 15:52:46 handler.go:81: "level"=0 "msg"="Received request to set key: " "user31"=" with value: " "<non-string-key: {\"Name\"=\"Sanket3>"="<no-value>"
2026/07/20 15:52:46 handler.go:81: "level"=0 "msg"="Received request to set key: " "user30"=" with value: " "<non-string-key: {\"Age\"=30 \"Name\">"="<no-value>"
2026/07/20 15:52:46 handler.go:89: "level"=0 "msg"="Adding task to worker pool for key: " "user25"="<no-value>"
2026/07/20 15:52:46 handler.go:89: "level"=0 "msg"="Adding task to worker pool for key: " "user31"="<no-value>"
2026/07/20 15:52:46 handler.go:94: "level"=0 "msg"="Key " "user29"=" set successfully"
2026/07/20 15:52:46 handler.go:89: "level"=0 "msg"="Adding task to worker pool for key: " "user24"="<no-value>"
2026/07/20 15:52:46 handler.go:94: "level"=0 "msg"="Key " "user25"=" set successfully"
2026/07/20 15:52:46 handler.go:94: "level"=0 "msg"="Key " "user31"=" set successfully"
2026/07/20 15:52:46 handler.go:94: "level"=0 "msg"="Key " "user24"=" set successfully"
2026/07/20 15:52:46 handler.go:94: "level"=0 "msg"="Key " "user26"=" set successfully"
2026/07/20 15:52:46 handler.go:89: "level"=0 "msg"="Adding task to worker pool for key: " "user30"="<no-value>"
2026/07/20 15:52:46 handler.go:94: "level"=0 "msg"="Key " "user30"=" set successfully"
2026/07/20 15:52:46 handler.go:89: "level"=0 "msg"="Adding task to worker pool for key: " "user27"="<no-value>"
2026/07/20 15:52:46 handler.go:94: "level"=0 "msg"="Key " "user27"=" set successfully"
2026/07/20 15:52:46 handler.go:81: "level"=0 "msg"="Received request to set key: " "user21"=" with value: " "<non-string-key: {\"Name\"=\"Sanket2>"="<no-value>"
2026/07/20 15:52:46 handler.go:81: "level"=0 "msg"="Received request to set key: " "user22"=" with value: " "<non-string-key: {\"Name\"=\"Sanket2>"="<no-value>"
2026/07/20 15:52:46 handler.go:81: "level"=0 "msg"="Received request to set key: " "user28"=" with value: " "<non-string-key: {\"Name\"=\"Sanket2>"="<no-value>"
2026/07/20 15:52:46 handler.go:89: "level"=0 "msg"="Adding task to worker pool for key: " "user21"="<no-value>"
2026/07/20 15:52:46 handler.go:89: "level"=0 "msg"="Adding task to worker pool for key: " "user22"="<no-value>"
2026/07/20 15:52:46 handler.go:89: "level"=0 "msg"="Adding task to worker pool for key: " "user28"="<no-value>"
2026/07/20 15:52:46 handler.go:94: "level"=0 "msg"="Key " "user22"=" set successfully"
2026/07/20 15:52:46 handler.go:94: "level"=0 "msg"="Key " "user21"=" set successfully"
2026/07/20 15:52:46 handler.go:94: "level"=0 "msg"="Key " "user28"=" set successfully"
2026/07/20 15:53:08 handler.go:81: "level"=0 "msg"="Received request to set key: " "user10"=" with value: " "<non-string-key: {\"Age\"=10 \"Name\">"="<no-value>"
2026/07/20 15:53:08 handler.go:89: "level"=0 "msg"="Adding task to worker pool for key: " "user10"="<no-value>"
2026/07/20 15:53:08 handler.go:94: "level"=0 "msg"="Key " "user10"=" set successfully"
2026/07/20 15:54:17 handler.go:81: "level"=0 "msg"="Received request to set key: " "user26"=" with value: " "<non-string-key: {\"Name\"=\"Sanket2>"="<no-value>"
2026/07/20 15:54:17 handler.go:89: "level"=0 "msg"="Adding task to worker pool for key: " "user26"="<no-value>"
2026/07/20 15:54:17 handler.go:81: "level"=0 "msg"="Received request to set key: " "user30"=" with value: " "<non-string-key: {\"Name\"=\"Sanket3>"="<no-value>"
2026/07/20 15:54:17 handler.go:89: "level"=0 "msg"="Adding task to worker pool for key: " "user30"="<no-value>"
2026/07/20 15:54:17 handler.go:94: "level"=0 "msg"="Key " "user26"=" set successfully"
2026/07/20 15:54:17 handler.go:94: "level"=0 "msg"="Key " "user30"=" set successfully"
2026/07/20 15:54:17 handler.go:81: "level"=0 "msg"="Received request to set key: " "user25"=" with value: " "<non-string-key: {\"Name\"=\"Sanket2>"="<no-value>"
2026/07/20 15:54:17 handler.go:89: "level"=0 "msg"="Adding task to worker pool for key: " "user25"="<no-value>"
2026/07/20 15:54:17 handler.go:81: "level"=0 "msg"="Received request to set key: " "user31"=" with value: " "<non-string-key: {\"Name\"=\"Sanket3>"="<no-value>"
2026/07/20 15:54:17 handler.go:89: "level"=0 "msg"="Adding task to worker pool for key: " "user31"="<no-value>"
2026/07/20 15:54:17 handler.go:81: "level"=0 "msg"="Received request to set key: " "user23"=" with value: " "<non-string-key: {\"Name\"=\"Sanket2>"="<no-value>"
2026/07/20 15:54:17 handler.go:94: "level"=0 "msg"="Key " "user31"=" set successfully"
2026/07/20 15:54:17 handler.go:89: "level"=0 "msg"="Adding task to worker pool for key: " "user23"="<no-value>"
2026/07/20 15:54:17 handler.go:94: "level"=0 "msg"="Key " "user23"=" set successfully"
2026/07/20 15:54:17 handler.go:81: "level"=0 "msg"="Received request to set key: " "user27"=" with value: " "<non-string-key: {\"Name\"=\"Sanket2>"="<no-value>"
2026/07/20 15:54:17 handler.go:89: "level"=0 "msg"="Adding task to worker pool for key: " "user27"="<no-value>"
2026/07/20 15:54:17 handler.go:94: "level"=0 "msg"="Key " "user27"=" set successfully"
2026/07/20 15:54:17 handler.go:94: "level"=0 "msg"="Key " "user25"=" set successfully"
2026/07/20 15:54:17 handler.go:81: "level"=0 "msg"="Received request to set key: " "user24"=" with value: " "<non-string-key: {\"Name\"=\"Sanket2>"="<no-value>"
2026/07/20 15:54:17 handler.go:89: "level"=0 "msg"="Adding task to worker pool for key: " "user24"="<no-value>"
2026/07/20 15:54:17 handler.go:94: "level"=0 "msg"="Key " "user24"=" set successfully"
2026/07/20 15:54:17 handler.go:81: "level"=0 "msg"="Received request to set key: " "user29"=" with value: " "<non-string-key: {\"Name\"=\"Sanket2>"="<no-value>"
2026/07/20 15:54:17 handler.go:89: "level"=0 "msg"="Adding task to worker pool for key: " "user29"="<no-value>"
2026/07/20 15:54:17 handler.go:94: "level"=0 "msg"="Key " "user29"=" set successfully"
2026/07/20 15:54:17 handler.go:81: "level"=0 "msg"="Received request to set key: " "user21"=" with value: " "<non-string-key: {\"Age\"=21 \"Name\">"="<no-value>"
2026/07/20 15:54:17 handler.go:89: "level"=0 "msg"="Adding task to worker pool for key: " "user21"="<no-value>"
2026/07/20 15:54:17 handler.go:81: "level"=0 "msg"="Received request to set key: " "user22"=" with value: " "<non-string-key: {\"Age\"=22 \"Name\">"="<no-value>"
2026/07/20 15:54:17 handler.go:89: "level"=0 "msg"="Adding task to worker pool for key: " "user22"="<no-value>"
2026/07/20 15:54:17 handler.go:81: "level"=0 "msg"="Received request to set key: " "user28"=" with value: " "<non-string-key: {\"Name\"=\"Sanket2>"="<no-value>"
2026/07/20 15:54:17 handler.go:89: "level"=0 "msg"="Adding task to worker pool for key: " "user28"="<no-value>"
2026/07/20 15:54:17 handler.go:94: "level"=0 "msg"="Key " "user21"=" set successfully"
2026/07/20 15:54:17 handler.go:94: "level"=0 "msg"="Key " "user28"=" set successfully"
2026/07/20 15:54:17 handler.go:94: "level"=0 "msg"="Key " "user22"=" set successfully"
2026/07/20 15:54:29 handler.go:81: "level"=0 "msg"="Received request to set key: " "user10"=" with value: " "<non-string-key: {\"Age\"=10 \"Name\">"="<no-value>"
2026/07/20 15:54:29 handler.go:89: "level"=0 "msg"="Adding task to worker pool for key: " "user10"="<no-value>"
2026/07/20 15:54:29 handler.go:94: "level"=0 "msg"="Key " "user10"=" set successfully"
2026/07/20 15:59:51 handler.go:78: "level"=0 "msg"="Listening on" "address"=":8081"
2026/07/20 15:59:53 handler.go:78: "level"=0 "msg"="Listening on" "address"=":8083"
2026/07/20 15:59:53 handler.go:78: "level"=0 "msg"="Listening on" "address"=":8082"
2026/07/20 16:00:08 handler.go:93: "level"=0 "msg"="Received request to set key: " "user10"=" with value: " "<non-string-key: {\"Age\"=10 \"Name\">"="<no-value>"
2026/07/20 16:00:08 handler.go:101: "level"=0 "msg"="Adding task to worker pool for key: " "user10"="<no-value>"
2026/07/20 16:00:08 handler.go:106: "level"=0 "msg"="Key " "user10"=" set successfully"
2026/07/20 16:00:12 handler.go:125: "level"=0 "msg"="Fetch in" "key"="user10"
2026/07/20 16:00:12 handler.go:134: "level"=0 "msg"=" for fetching " "key"="user10"
2026/07/20 16:00:12 handler.go:145: "level"=0 "msg"="successfully got value from hashmap for " "key"="user10"
2026/07/20 16:00:20 handler.go:125: "level"=0 "msg"="Fetch in" "key"="user10"
2026/07/20 16:00:20 handler.go:134: "level"=0 "msg"=" for fetching " "key"="user10"
2026/07/20 16:00:20 handler.go:152: "msg"="Error while fetching" "error"="key user10 not found : key not found%!(EXTRA string=user10)" "key "="user10"
